This is pdfTeX, Version 3.1415926-2.5-1.40.14 (TeX Live 2013/Debian) (format=pdflatex 2015.6.30)  28 NOV 2015 17:28
entering extended mode
 restricted \write18 enabled.
 %&-line parsing enabled.
**second.tex
(./second.tex
LaTeX2e <2011/06/27>
Babel <3.9h> and hyphenation patterns for 78 languages loaded.
(/usr/share/texlive/texmf-dist/tex/latex/base/report.cls
Document Class: report 2007/10/19 v1.4h Standard LaTeX document class
(/usr/share/texlive/texmf-dist/tex/latex/base/size12.clo
File: size12.clo 2007/10/19 v1.4h Standard LaTeX file (size option)
)
\c@part=\count79
\c@chapter=\count80
\c@section=\count81
\c@subsection=\count82
\c@subsubsection=\count83
\c@paragraph=\count84
\c@subparagraph=\count85
\c@figure=\count86
\c@table=\count87
\abovecaptionskip=\skip41
\belowcaptionskip=\skip42
\bibindent=\dimen102
)
(/usr/share/texlive/texmf-dist/tex/latex/amsmath/amsmath.sty
Package: amsmath 2013/01/14 v2.14 AMS math features
\@mathmargin=\skip43

For additional information on amsmath, use the `?' option.
(/usr/share/texlive/texmf-dist/tex/latex/amsmath/amstext.sty
Package: amstext 2000/06/29 v2.01

(/usr/share/texlive/texmf-dist/tex/latex/amsmath/amsgen.sty
File: amsgen.sty 1999/11/30 v2.0
\@emptytoks=\toks14
\ex@=\dimen103
))
(/usr/share/texlive/texmf-dist/tex/latex/amsmath/amsbsy.sty
Package: amsbsy 1999/11/29 v1.2d
\pmbraise@=\dimen104
)
(/usr/share/texlive/texmf-dist/tex/latex/amsmath/amsopn.sty
Package: amsopn 1999/12/14 v2.01 operator names
)
\inf@bad=\count88
LaTeX Info: Redefining \frac on input line 210.
\uproot@=\count89
\leftroot@=\count90
LaTeX Info: Redefining \overline on input line 306.
\classnum@=\count91
\DOTSCASE@=\count92
LaTeX Info: Redefining \ldots on input line 378.
LaTeX Info: Redefining \dots on input line 381.
LaTeX Info: Redefining \cdots on input line 466.
\Mathstrutbox@=\box26
\strutbox@=\box27
\big@size=\dimen105
LaTeX Font Info:    Redeclaring font encoding OML on input line 566.
LaTeX Font Info:    Redeclaring font encoding OMS on input line 567.
\macc@depth=\count93
\c@MaxMatrixCols=\count94
\dotsspace@=\muskip10
\c@parentequation=\count95
\dspbrk@lvl=\count96
\tag@help=\toks15
\row@=\count97
\column@=\count98
\maxfields@=\count99
\andhelp@=\toks16
\eqnshift@=\dimen106
\alignsep@=\dimen107
\tagshift@=\dimen108
\tagwidth@=\dimen109
\totwidth@=\dimen110
\lineht@=\dimen111
\@envbody=\toks17
\multlinegap=\skip44
\multlinetaggap=\skip45
\mathdisplay@stack=\toks18
LaTeX Info: Redefining \[ on input line 2665.
LaTeX Info: Redefining \] on input line 2666.
)
(/usr/share/texlive/texmf-dist/tex/latex/relsize/relsize.sty
Package: relsize 2013/03/29 ver 4.1
)
(/usr/share/texlive/texmf-dist/tex/latex/graphics/graphicx.sty
Package: graphicx 1999/02/16 v1.0f Enhanced LaTeX Graphics (DPC,SPQR)

(/usr/share/texlive/texmf-dist/tex/latex/graphics/keyval.sty
Package: keyval 1999/03/16 v1.13 key=value parser (DPC)
\KV@toks@=\toks19
)
(/usr/share/texlive/texmf-dist/tex/latex/graphics/graphics.sty
Package: graphics 2009/02/05 v1.0o Standard LaTeX Graphics (DPC,SPQR)

(/usr/share/texlive/texmf-dist/tex/latex/graphics/trig.sty
Package: trig 1999/03/16 v1.09 sin cos tan (DPC)
)
(/usr/share/texlive/texmf-dist/tex/latex/latexconfig/graphics.cfg
File: graphics.cfg 2010/04/23 v1.9 graphics configuration of TeX Live
)
Package graphics Info: Driver file: pdftex.def on input line 91.

(/usr/share/texlive/texmf-dist/tex/latex/pdftex-def/pdftex.def
File: pdftex.def 2011/05/27 v0.06d Graphics/color for pdfTeX

(/usr/share/texlive/texmf-dist/tex/generic/oberdiek/infwarerr.sty
Package: infwarerr 2010/04/08 v1.3 Providing info/warning/error messages (HO)
)
(/usr/share/texlive/texmf-dist/tex/generic/oberdiek/ltxcmds.sty
Package: ltxcmds 2011/11/09 v1.22 LaTeX kernel commands for general use (HO)
)
\Gread@gobject=\count100
))
\Gin@req@height=\dimen112
\Gin@req@width=\dimen113
)
(/usr/share/texlive/texmf-dist/tex/latex/comment/comment.sty
\CommentStream=\write3

Excluding comment 'comment')
(/usr/share/texlive/texmf-dist/tex/latex/notes/notes.sty
Package: notes 2002/10/29 v1.0.1 (Duncan Webb)
\noteskipamount=\skip46
\textwidth=\dimen114
\marparsep=\dimen115
\rulewd=\dimen116
\ruleht=\dimen117
\iconwd=\dimen118
\iconht=\dimen119
\textwd=\dimen120
\vframegap=\dimen121
\hframegap=\dimen122
\c@notecnt=\count101
\containerwd=\dimen123
\textframeht=\dimen124
\iconframeht=\dimen125
\containerht=\dimen126
\notesmargin=\dimen127
\dbgrulewd=\dimen128
\dbgruleht=\dimen129
\iconframe=\box28
\textframe=\box29
\iconcontainer=\box30
\textcontainer=\box31
\container=\box32
\notesbox=\box33
\pageleft=\dimen130
\notesboxht=\dimen131
\notebox=\box34
)
(/usr/share/texlive/texmf-dist/tex/latex/graphics/color.sty
Package: color 2005/11/14 v1.0j Standard LaTeX Color (DPC)

(/usr/share/texlive/texmf-dist/tex/latex/latexconfig/color.cfg
File: color.cfg 2007/01/18 v1.5 color configuration of teTeX/TeXLive
)
Package color Info: Driver file: pdftex.def on input line 130.
)
(/usr/share/texlive/texmf-dist/tex/latex/hyperref/hyperref.sty
Package: hyperref 2012/11/06 v6.83m Hypertext links for LaTeX

(/usr/share/texlive/texmf-dist/tex/generic/oberdiek/hobsub-hyperref.sty
Package: hobsub-hyperref 2012/05/28 v1.13 Bundle oberdiek, subset hyperref (HO)


(/usr/share/texlive/texmf-dist/tex/generic/oberdiek/hobsub-generic.sty
Package: hobsub-generic 2012/05/28 v1.13 Bundle oberdiek, subset generic (HO)
Package: hobsub 2012/05/28 v1.13 Construct package bundles (HO)
Package hobsub Info: Skipping package `infwarerr' (already loaded).
Package hobsub Info: Skipping package `ltxcmds' (already loaded).
Package: ifluatex 2010/03/01 v1.3 Provides the ifluatex switch (HO)
Package ifluatex Info: LuaTeX not detected.
Package: ifvtex 2010/03/01 v1.5 Detect VTeX and its facilities (HO)
Package ifvtex Info: VTeX not detected.
Package: intcalc 2007/09/27 v1.1 Expandable calculations with integers (HO)
Package: ifpdf 2011/01/30 v2.3 Provides the ifpdf switch (HO)
Package ifpdf Info: pdfTeX in PDF mode is detected.
Package: etexcmds 2011/02/16 v1.5 Avoid name clashes with e-TeX commands (HO)
Package etexcmds Info: Could not find \expanded.
(etexcmds)             That can mean that you are not using pdfTeX 1.50 or
(etexcmds)             that some package has redefined \expanded.
(etexcmds)             In the latter case, load this package earlier.
Package: kvsetkeys 2012/04/25 v1.16 Key value parser (HO)
Package: kvdefinekeys 2011/04/07 v1.3 Define keys (HO)
Package: pdftexcmds 2011/11/29 v0.20 Utility functions of pdfTeX for LuaTeX (HO
)
Package pdftexcmds Info: LuaTeX not detected.
Package pdftexcmds Info: \pdf@primitive is available.
Package pdftexcmds Info: \pdf@ifprimitive is available.
Package pdftexcmds Info: \pdfdraftmode found.
Package: pdfescape 2011/11/25 v1.13 Implements pdfTeX's escape features (HO)
Package: bigintcalc 2012/04/08 v1.3 Expandable calculations on big integers (HO
)
Package: bitset 2011/01/30 v1.1 Handle bit-vector datatype (HO)
Package: uniquecounter 2011/01/30 v1.2 Provide unlimited unique counter (HO)
)
Package hobsub Info: Skipping package `hobsub' (already loaded).
Package: letltxmacro 2010/09/02 v1.4 Let assignment for LaTeX macros (HO)
Package: hopatch 2012/05/28 v1.2 Wrapper for package hooks (HO)
Package: xcolor-patch 2011/01/30 xcolor patch
Package: atveryend 2011/06/30 v1.8 Hooks at the very end of document (HO)
Package atveryend Info: \enddocument detected (standard20110627).
Package: atbegshi 2011/10/05 v1.16 At begin shipout hook (HO)
Package: refcount 2011/10/16 v3.4 Data extraction from label references (HO)
Package: hycolor 2011/01/30 v1.7 Color options for hyperref/bookmark (HO)
)
(/usr/share/texlive/texmf-dist/tex/generic/ifxetex/ifxetex.sty
Package: ifxetex 2010/09/12 v0.6 Provides ifxetex conditional
)
(/usr/share/texlive/texmf-dist/tex/latex/oberdiek/auxhook.sty
Package: auxhook 2011/03/04 v1.3 Hooks for auxiliary files (HO)
)
(/usr/share/texlive/texmf-dist/tex/latex/oberdiek/kvoptions.sty
Package: kvoptions 2011/06/30 v3.11 Key value format for package options (HO)
)
\@linkdim=\dimen132
\Hy@linkcounter=\count102
\Hy@pagecounter=\count103

(/usr/share/texlive/texmf-dist/tex/latex/hyperref/pd1enc.def
File: pd1enc.def 2012/11/06 v6.83m Hyperref: PDFDocEncoding definition (HO)
)
\Hy@SavedSpaceFactor=\count104

(/usr/share/texlive/texmf-dist/tex/latex/latexconfig/hyperref.cfg
File: hyperref.cfg 2002/06/06 v1.2 hyperref configuration of TeXLive
)
Package hyperref Info: Hyper figures OFF on input line 4443.
Package hyperref Info: Link nesting OFF on input line 4448.
Package hyperref Info: Hyper index ON on input line 4451.
Package hyperref Info: Plain pages OFF on input line 4458.
Package hyperref Info: Backreferencing OFF on input line 4463.
Package hyperref Info: Implicit mode ON; LaTeX internals redefined.
Package hyperref Info: Bookmarks ON on input line 4688.
\c@Hy@tempcnt=\count105

(/usr/share/texlive/texmf-dist/tex/latex/url/url.sty
\Urlmuskip=\muskip11
Package: url 2013/09/16  ver 3.4  Verb mode for urls, etc.
)
LaTeX Info: Redefining \url on input line 5041.
\XeTeXLinkMargin=\dimen133
\Fld@menulength=\count106
\Field@Width=\dimen134
\Fld@charsize=\dimen135
Package hyperref Info: Hyper figures OFF on input line 6295.
Package hyperref Info: Link nesting OFF on input line 6300.
Package hyperref Info: Hyper index ON on input line 6303.
Package hyperref Info: backreferencing OFF on input line 6310.
Package hyperref Info: Link coloring OFF on input line 6315.
Package hyperref Info: Link coloring with OCG OFF on input line 6320.
Package hyperref Info: PDF/A mode OFF on input line 6325.
LaTeX Info: Redefining \ref on input line 6365.
LaTeX Info: Redefining \pageref on input line 6369.
\Hy@abspage=\count107
\c@Item=\count108
\c@Hfootnote=\count109
)

Package hyperref Message: Driver (autodetected): hpdftex.

(/usr/share/texlive/texmf-dist/tex/latex/hyperref/hpdftex.def
File: hpdftex.def 2012/11/06 v6.83m Hyperref driver for pdfTeX
\Fld@listcount=\count110
\c@bookmark@seq@number=\count111

(/usr/share/texlive/texmf-dist/tex/latex/oberdiek/rerunfilecheck.sty
Package: rerunfilecheck 2011/04/15 v1.7 Rerun checks for auxiliary files (HO)
Package uniquecounter Info: New unique counter `rerunfilecheck' on input line 2
82.
)
\Hy@SectionHShift=\skip47
)
(./second.aux)
\openout1 = `second.aux'.

LaTeX Font Info:    Checking defaults for OML/cmm/m/it on input line 10.
LaTeX Font Info:    ... okay on input line 10.
LaTeX Font Info:    Checking defaults for T1/cmr/m/n on input line 10.
LaTeX Font Info:    ... okay on input line 10.
LaTeX Font Info:    Checking defaults for OT1/cmr/m/n on input line 10.
LaTeX Font Info:    ... okay on input line 10.
LaTeX Font Info:    Checking defaults for OMS/cmsy/m/n on input line 10.
LaTeX Font Info:    ... okay on input line 10.
LaTeX Font Info:    Checking defaults for OMX/cmex/m/n on input line 10.
LaTeX Font Info:    ... okay on input line 10.
LaTeX Font Info:    Checking defaults for U/cmr/m/n on input line 10.
LaTeX Font Info:    ... okay on input line 10.
LaTeX Font Info:    Checking defaults for PD1/pdf/m/n on input line 10.
LaTeX Font Info:    ... okay on input line 10.
 (/usr/share/texlive/texmf-dist/tex/context/base/supp-pdf.mkii
[Loading MPS to PDF converter (version 2006.09.02).]
\scratchcounter=\count112
\scratchdimen=\dimen136
\scratchbox=\box35
\nofMPsegments=\count113
\nofMParguments=\count114
\everyMPshowfont=\toks20
\MPscratchCnt=\count115
\MPscratchDim=\dimen137
\MPnumerator=\count116
\makeMPintoPDFobject=\count117
\everyMPtoPDFconversion=\toks21
) (/usr/share/texlive/texmf-dist/tex/latex/oberdiek/epstopdf-base.sty
Package: epstopdf-base 2010/02/09 v2.5 Base part for package epstopdf

(/usr/share/texlive/texmf-dist/tex/latex/oberdiek/grfext.sty
Package: grfext 2010/08/19 v1.1 Manage graphics extensions (HO)
)
Package grfext Info: Graphics extension search list:
(grfext)             [.png,.pdf,.jpg,.mps,.jpeg,.jbig2,.jb2,.PNG,.PDF,.JPG,.JPE
G,.JBIG2,.JB2,.eps]
(grfext)             \AppendGraphicsExtensions on input line 452.

(/usr/share/texlive/texmf-dist/tex/latex/latexconfig/epstopdf-sys.cfg
File: epstopdf-sys.cfg 2010/07/13 v1.3 Configuration of (r)epstopdf for TeX Liv
e
))
\AtBeginShipoutBox=\box36
Package hyperref Info: Link coloring OFF on input line 10.

(/usr/share/texlive/texmf-dist/tex/latex/hyperref/nameref.sty
Package: nameref 2012/10/27 v2.43 Cross-referencing by name of section

(/usr/share/texlive/texmf-dist/tex/generic/oberdiek/gettitlestring.sty
Package: gettitlestring 2010/12/03 v1.4 Cleanup title references (HO)
)
\c@section@level=\count118
)
LaTeX Info: Redefining \ref on input line 10.
LaTeX Info: Redefining \pageref on input line 10.
LaTeX Info: Redefining \nameref on input line 10.

(./second.out) (./second.out)
\@outlinefile=\write4
\openout4 = `second.out'.


<./images/logo_blau.pdf, id=164, 258.92004pt x 76.82246pt>
File: ./images/logo_blau.pdf Graphic file (type pdf)

<use ./images/logo_blau.pdf>
Package pdftex.def Info: ./images/logo_blau.pdf used on input line 23.
(pdftex.def)             Requested size: 258.9194pt x 76.82227pt.
 [1

{/var/lib/texmf/fonts/map/pdftex/updmap/pdftex.map} <./images/logo_blau.pdf>] (
./second.toc
Overfull \hbox (1.93633pt too wide) in paragraph at lines 11--11
 [][] [][]\OT1/cmr/m/n/12 A study of In-dex Struc-tures for Main Mem-ory Databa
se 
 []


LaTeX Warning: Citation `R.Bayer' on page 1 undefined on input line 19.

pdfTeX warning (ext4): destination with the same identifier (name{page.1}) has 
been already used, duplicate ignored
<to be read again> 
                   \relax 
l.35 ...er}{\numberline {3}Concept}{22}{chapter.3}
                                                   [1

])
\tf@toc=\write5
\openout5 = `second.toc'.

 [2]
Chapter 1.
[3

] [4]
Chapter 2.
[5

]
LaTeX Font Info:    Try loading font information for OMS+cmr on input line 120.

 (/usr/share/texlive/texmf-dist/tex/latex/base/omscmr.fd
File: omscmr.fd 1999/05/25 v2.5h Standard LaTeX font definitions
)
LaTeX Font Info:    Font shape `OMS/cmr/m/n' in size <12> not available
(Font)              Font shape `OMS/cmsy/m/n' tried instead on input line 120.

Overfull \hbox (15.77686pt too wide) in paragraph at lines 134--135
[]\OT1/cmr/m/n/12 Immunity-aware pro-gram-ming is used when
 []

[6]

Package hyperref Warning: Token not allowed in a PDF string (PDFDocEncoding):
(hyperref)                removing `\@ifnextchar' on input line 157.

[7] [8] [9]

LaTeX Warning: Citation `R.Bayer' on page 10 undefined on input line 200.


Package hyperref Warning: Token not allowed in a PDF string (PDFDocEncoding):
(hyperref)                removing `\@ifnextchar' on input line 200.


Package hyperref Warning: Token not allowed in a PDF string (PDFDocEncoding):
(hyperref)                removing `\@ifnextchar' on input line 203.

[10]

Package hyperref Warning: Token not allowed in a PDF string (PDFDocEncoding):
(hyperref)                removing `\@ifnextchar' on input line 233.

[11] <./images/ctrie.pdf, id=326, 597.23125pt x 845.1575pt>
File: ./images/ctrie.pdf Graphic file (type pdf)

<use ./images/ctrie.pdf>
Package pdftex.def Info: ./images/ctrie.pdf used on input line 238.
(pdftex.def)             Requested size: 390.01947pt x 426.80591pt.


LaTeX Warning: `!h' float specifier changed to `!ht'.


Package hyperref Warning: Token not allowed in a PDF string (PDFDocEncoding):
(hyperref)                removing `\@ifnextchar' on input line 243.

<./images/bursttrie.pdf, id=330, 845.1575pt x 1195.46625pt>
File: ./images/bursttrie.pdf Graphic file (type pdf)

<use ./images/bursttrie.pdf>
Package pdftex.def Info: ./images/bursttrie.pdf used on input line 263.
(pdftex.def)             Requested size: 390.0pt x 489.4817pt.
 [12]

LaTeX Warning: `!h' float specifier changed to `!ht'.

[13 <./images/ctrie.pdf>]

LaTeX Warning: Text page 14 contains only floats.


Overfull \vbox (4.5151pt too high) has occurred while \output is active []


[14 <./images/bursttrie.pdf>]
Overfull \hbox (1.00629pt too wide) in paragraph at lines 282--282
[]\OT1/cmr/bx/n/14.4 Online Bit Flip De-tec-tion for In-Memory B-Trees
 []


Package hyperref Warning: Token not allowed in a PDF string (PDFDocEncoding):
(hyperref)                removing `\@ifnextchar' on input line 282.

[15] [16]

Package hyperref Warning: Token not allowed in a PDF string (PDFDocEncoding):
(hyperref)                removing `\@ifnextchar' on input line 306.

[17]
Missing character: There is no ‚ in font cmr12!
Missing character: There is no Ä in font cmr12!
Missing character: There is no ú in font cmr12!
Missing character: There is no ‚ in font cmr12!
Missing character: There is no Ä in font cmr12!
Missing character: There is no ù in font cmr12!
Missing character: There is no ‚ in font cmr12!
Missing character: There is no Ä in font cmr12!
Missing character: There is no ú in font cmr12!
Missing character: There is no ‚ in font cmr12!
Missing character: There is no Ä in font cmr12!
Missing character: There is no ù in font cmr12!
Missing character: There is no ‚ in font cmr12!
Missing character: There is no Ä in font cmr12!
Missing character: There is no ú in font cmr12!
Missing character: There is no ‚ in font cmr12!
Missing character: There is no Ä in font cmr12!
Missing character: There is no ù in font cmr12!
Missing character: There is no ‚ in font cmr12!
Missing character: There is no Ä in font cmr12!
Missing character: There is no ú in font cmr12!
Missing character: There is no ‚ in font cmr12!
Missing character: There is no Ä in font cmr12!
Missing character: There is no ù in font cmr12!


Package hyperref Warning: Token not allowed in a PDF string (PDFDocEncoding):
(hyperref)                removing `\@ifnextchar' on input line 329.

[18] [19] [20] [21]
Chapter 3.
[22

] <./images/tree.pdf, id=409, 404.51125pt x 240.9pt>
File: ./images/tree.pdf Graphic file (type pdf)

<use ./images/tree.pdf>
Package pdftex.def Info: ./images/tree.pdf used on input line 393.
(pdftex.def)             Requested size: 242.70862pt x 144.5411pt.
 [23 <./images/tree.pdf>] [24] [25] [26] [27] [28]
<./images/treestructure3.pdf, id=446, 5023.76875pt x 1853.92625pt>
File: ./images/treestructure3.pdf Graphic file (type pdf)

<use ./images/treestructure3.pdf>
Package pdftex.def Info: ./images/treestructure3.pdf used on input line 467.
(pdftex.def)             Requested size: 452.11969pt x 166.84616pt.

Overfull \hbox (62.11969pt too wide) in paragraph at lines 467--468
[][] 
 []

[29 <./images/treestructure3.pdf>] [30] [31]
Chapter 4.
[32

] [33] [34] <./images/Poissonchild.jpg, id=476, 607.26875pt x 341.275pt>
File: ./images/Poissonchild.jpg Graphic file (type jpg)

<use ./images/Poissonchild.jpg>
Package pdftex.def Info: ./images/Poissonchild.jpg used on input line 545.
(pdftex.def)             Requested size: 242.9032pt x 136.50757pt.

<./images/Poissonnode.jpg, id=477, 607.26875pt x 341.275pt>
File: ./images/Poissonnode.jpg Graphic file (type jpg)

<use ./images/Poissonnode.jpg>
Package pdftex.def Info: ./images/Poissonnode.jpg used on input line 550.
(pdftex.def)             Requested size: 242.9032pt x 136.50757pt.

<./images/uniformchild.jpg, id=478, 607.26875pt x 341.275pt>
File: ./images/uniformchild.jpg Graphic file (type jpg)

<use ./images/uniformchild.jpg>
Package pdftex.def Info: ./images/uniformchild.jpg used on input line 555.
(pdftex.def)             Requested size: 242.9032pt x 136.50757pt.

<./images/uniformnode.jpg, id=479, 607.26875pt x 341.275pt>
File: ./images/uniformnode.jpg Graphic file (type jpg)

<use ./images/uniformnode.jpg>
Package pdftex.def Info: ./images/uniformnode.jpg used on input line 560.
(pdftex.def)             Requested size: 242.9032pt x 136.50757pt.

<./images/mul3child.jpg, id=480, 607.26875pt x 398.48875pt>
File: ./images/mul3child.jpg Graphic file (type jpg)

<use ./images/mul3child.jpg>
Package pdftex.def Info: ./images/mul3child.jpg used on input line 565.
(pdftex.def)             Requested size: 242.9032pt x 159.39267pt.

<./images/mul3node.jpg, id=481, 669.50125pt x 432.61626pt>
File: ./images/mul3node.jpg Graphic file (type jpg)

<use ./images/mul3node.jpg>
Package pdftex.def Info: ./images/mul3node.jpg used on input line 570.
(pdftex.def)             Requested size: 267.79576pt x 173.04343pt.
 Excluding 'comment' comment. [35 <./images/Poissonchild.jpg>] [36 <./images/Po
issonnode.jpg> <./images/uniformchild.jpg> <./images/uniformnode.jpg>] [37 <./i
mages/mul3child.jpg> <./images/mul3node.jpg>]
[38] [39] <./images/memoryallocation.jpg, id=510, 701.62125pt x 366.36874pt>
File: ./images/memoryallocation.jpg Graphic file (type jpg)

<use ./images/memoryallocation.jpg>
Package pdftex.def Info: ./images/memoryallocation.jpg used on input line 619.
(pdftex.def)             Requested size: 350.80975pt x 183.18391pt.
 [40 <./images/memoryallocation.jpg>]
[41] [42]
Underfull \hbox (badness 4441) in paragraph at lines 660--661
[]\OT1/cmr/m/n/12 G.Graefe,R.Stonecipher \OT1/cmr/m/it/12 Ef-fi-cient ver-i-fi-
ca-tion of B-tree in-tegrity \OT1/cmr/m/n/12 :
 []


Underfull \hbox (badness 10000) in paragraph at lines 663--664
[]\OT1/cmr/m/n/12 Hard er-ror def-i-ni-tion, []$\OT1/cmtt/m/n/12 http : / / www
 . webopedia . com / TERM / H / hard _
 []


Underfull \hbox (badness 10000) in paragraph at lines 666--667
[]\OT1/cmr/m/n/12 Hard er-ror def-i-ni-tion, []$\OT1/cmtt/m/n/12 http : / / www
 . webopedia . com / TERM / H / soft _
 []

Missing character: There is no ‚ in font cmr12!
Missing character: There is no Ä in font cmr12!
Missing character: There is no ì in font cmr12!

Underfull \hbox (badness 1117) in paragraph at lines 671--672
[]\OT1/cmr/m/n/12 Mukherjee, Shub-hendu S.; Kontz, Michael; Rein-hardt, Steven 
K.
 []

[43

]
Underfull \hbox (badness 2042) in paragraph at lines 677--678
[]\OT1/cmr/m/n/12 Immunity aware pro-gram-ming, []$\OT1/cmtt/m/n/12 https : / /
 en . wikipedia . org / wiki /
 []


Underfull \hbox (badness 10000) in paragraph at lines 681--682
[]\OT1/cmr/m/n/12 Immunity aware pro-gram-ming,[]$\OT1/cmtt/m/n/12 https : / / 
en . wikipedia . org / wiki /
 []


Underfull \hbox (badness 10000) in paragraph at lines 688--689
[]\OT1/cmr/m/n/12 Mmap man-ual,[]$\OT1/cmtt/m/n/12 http : / / man7 . org / linu
x / man-[]pages / man2 / mmap . 2 .
 []

Missing character: There is no √ in font cmr12!
Missing character: There is no â in font cmr12!
Missing character: There is no √ in font cmr12!
Missing character: There is no © in font cmr12!
Missing character: There is no √ in font cmr12!
Missing character: There is no © in font cmr12!

Underfull \hbox (badness 7667) in paragraph at lines 706--707
[]\OT1/cmr/m/n/12 D.D. Sleator and R.E. Tar-jan. "Self-adjusting bi-nary search

 []

Package atveryend Info: Empty hook `BeforeClearDocument' on input line 710.
[44]
Package atveryend Info: Empty hook `AfterLastShipout' on input line 710.
 (./second.aux)
Package atveryend Info: Executing hook `AtVeryEndDocument' on input line 710.
Package atveryend Info: Executing hook `AtEndAfterFileList' on input line 710.
Package rerunfilecheck Info: File `second.out' has not changed.
(rerunfilecheck)             Checksum: 468A21C7BADFA8FBD81FACCE9AE008CD;3290.


LaTeX Warning: There were undefined references.

Package atveryend Info: Empty hook `AtVeryVeryEnd' on input line 710.
 ) 
Here is how much of TeX's memory you used:
 6155 strings out of 493304
 89063 string characters out of 6139871
 177297 words of memory out of 5000000
 9396 multiletter control sequences out of 15000+600000
 10940 words of font info for 39 fonts, out of 8000000 for 9000
 957 hyphenation exceptions out of 8191
 29i,7n,32p,1709b,427s stack positions out of 5000i,500n,10000p,200000b,80000s
</usr/share/texlive/texmf-dist/fonts/type1/public/amsfonts/cm/cmbx12.pfb></us
r/share/texlive/texmf-dist/fonts/type1/public/amsfonts/cm/cmcsc10.pfb></usr/sha
re/texlive/texmf-dist/fonts/type1/public/amsfonts/cm/cmmi12.pfb></usr/share/tex
live/texmf-dist/fonts/type1/public/amsfonts/cm/cmmi8.pfb></usr/share/texlive/te
xmf-dist/fonts/type1/public/amsfonts/cm/cmr12.pfb></usr/share/texlive/texmf-dis
t/fonts/type1/public/amsfonts/cm/cmr8.pfb></usr/share/texlive/texmf-dist/fonts/
type1/public/amsfonts/cm/cmsy10.pfb></usr/share/texlive/texmf-dist/fonts/type1/
public/amsfonts/cm/cmsy8.pfb></usr/share/texlive/texmf-dist/fonts/type1/public/
amsfonts/cm/cmti12.pfb></usr/share/texlive/texmf-dist/fonts/type1/public/amsfon
ts/cm/cmtt12.pfb>
Output written on second.pdf (45 pages, 582057 bytes).
PDF statistics:
 623 PDF objects out of 1000 (max. 8388607)
 546 compressed objects within 6 object streams
 147 named destinations out of 1000 (max. 500000)
 393 words of extra memory for PDF output out of 10000 (max. 10000000)

